#
# A fatal error has been detected by the Java Runtime Environment:
#
#  EXCEPTION_ACCESS_VIOLATION (0xc0000005) at pc=0x0000000067a17886, pid=17796, tid=0x00000000000038e0
#
# JRE version: Java(TM) SE Runtime Environment (8.0_201-b09) (build 1.8.0_201-b09)
# Java VM: Java HotSpot(TM) 64-Bit Server VM (25.201-b09 mixed mode windows-amd64 compressed oops)
# Problematic frame:
# V  [jvm.dll+0x237886]
#
# Failed to write core dump. Minidumps are not enabled by default on client versions of Windows
#
# If you would like to submit a bug report, please visit:
#   http://bugreport.java.com/bugreport/crash.jsp
#

---------------  T H R E A D  ---------------

Current thread (0x000000000334e800):  VMThread [stack: 0x000000001eb50000,0x000000001ec50000] [id=14560]

siginfo: ExceptionCode=0xc0000005, reading address 0x0000000000000008

Registers:
RAX=0x0000000000000000, RBX=0x000000001ec4e960, RCX=0x000000001ec4e960, RDX=0x0000000000000028
RSP=0x000000001ec4e690, RBP=0x000000001ec4eea0, RSI=0x0000000000000000, RDI=0x000000001ec4f030
R8 =0x0000000000000000, R9 =0x000000001c8e0a88, R10=0x0000000000000008, R11=0x0000000067de8f38
R12=0x0000000003301660, R13=0x000000001ec4ee60, R14=0x00000000000003d8, R15=0x000000001ec4ee50
RIP=0x0000000067a17886, EFLAGS=0x0000000000010206

Top of Stack: (sp=0x000000001ec4e690)
0x000000001ec4e690:   0000000000000000 0000000000000000
0x000000001ec4e6a0:   0000000000000000 0000000022b5c2e0
0x000000001ec4e6b0:   0000000000000006 0000000000000000
0x000000001ec4e6c0:   0000000000000000 0000000000000000
0x000000001ec4e6d0:   0000000000000000 0000000022b5c2f0
0x000000001ec4e6e0:   000000000324f360 000000000324f360
0x000000001ec4e6f0:   0000000000000000 0000000000000000
0x000000001ec4e700:   0000000000000000 0000000022b5c300
0x000000001ec4e710:   0000000000000006 0000000000000000
0x000000001ec4e720:   0000000000000000 0000000000000000
0x000000001ec4e730:   0000000000000000 0000000000000c00
0x000000001ec4e740:   0000000000000000 0000000000000000
0x000000001ec4e750:   0000000000000000 000000000325b000
0x000000001ec4e760:   0000000000000001 000000000325b000
0x000000001ec4e770:   0000000000000006 0000000067e08838
0x000000001ec4e780:   000000000324ea48 00000000034583fd 

Instructions: (pc=0x0000000067a17886)
0x0000000067a17866:   01 00 00 48 8b 05 c0 bf 5b 00 48 33 c4 48 89 84
0x0000000067a17876:   24 30 01 00 00 4c 63 41 10 48 8b 41 08 48 8b d9
0x0000000067a17886:   42 38 54 00 08 74 33 44 0f be c2 48 8d 4c 24 20
0x0000000067a17896:   48 8d 15 e3 eb 3e 00 e8 ee e4 de ff 48 8d 0d 67 


Register to memory mapping:

RAX=0x0000000000000000 is an unknown value
RBX=0x000000001ec4e960 is an unknown value
RCX=0x000000001ec4e960 is an unknown value
RDX=0x0000000000000028 is an unknown value
RSP=0x000000001ec4e690 is an unknown value
RBP=0x000000001ec4eea0 is an unknown value
RSI=0x0000000000000000 is an unknown value
RDI=0x000000001ec4f030 is an unknown value
R8 =0x0000000000000000 is an unknown value
R9 =0x000000001c8e0a88 is pointing into metadata
R10=0x0000000000000008 is an unknown value
R11=0x0000000067de8f38 is an unknown value
R12=0x0000000003301660 is an unknown value
R13=0x000000001ec4ee60 is an unknown value
R14=0x00000000000003d8 is an unknown value
R15=0x000000001ec4ee50 is an unknown value


Stack: [0x000000001eb50000,0x000000001ec50000],  sp=0x000000001ec4e690,  free space=1017k
Native frames: (J=compiled Java code, j=interpreted, Vv=VM code, C=native code)
V  [jvm.dll+0x237886]
V  [jvm.dll+0x237f04]
V  [jvm.dll+0xff673]
V  [jvm.dll+0x1027bb]
V  [jvm.dll+0x10322f]
V  [jvm.dll+0x103a75]
V  [jvm.dll+0x103cc2]
V  [jvm.dll+0xc51ae]
V  [jvm.dll+0xc5838]
V  [jvm.dll+0xc596a]
V  [jvm.dll+0xc5b68]
V  [jvm.dll+0x10fb3a]
V  [jvm.dll+0x12d45f]
V  [jvm.dll+0x1bf61f]
V  [jvm.dll+0x24d407]
V  [jvm.dll+0x24c6a6]
V  [jvm.dll+0x24cb41]
V  [jvm.dll+0x24cd5e]
V  [jvm.dll+0x29fb6a]
C  [msvcr100.dll+0x21db7]
C  [msvcr100.dll+0x21e53]
C  [KERNEL32.DLL+0x17e94]
C  [ntdll.dll+0x6a251]

VM_Operation (0x000000001f98f6e0): GetOrSetLocal, mode: safepoint, requested by thread 0x000000001ed8d000


---------------  P R O C E S S  ---------------

Java Threads: ( => current thread )
  0x000000001f06f800 JavaThread "HikariPool-1 housekeeper" daemon [_thread_blocked, id=5024, stack(0x000000002d170000,0x000000002d270000)]
  0x000000001f06b800 JavaThread "JMX server connection timeout 22" daemon [_thread_blocked, id=9868, stack(0x000000002d070000,0x000000002d170000)]
  0x000000001f06e000 JavaThread "RMI Scheduler(0)" daemon [_thread_blocked, id=9532, stack(0x000000002cf70000,0x000000002d070000)]
  0x000000002986b000 JavaThread "RMI TCP Connection(1)-192.168.53.5" daemon [_thread_in_native, id=12916, stack(0x000000002bea0000,0x000000002bfa0000)]
  0x0000000029d7d000 JavaThread "RMI TCP Accept-0" daemon [_thread_in_native, id=12596, stack(0x000000002a310000,0x000000002a410000)]
  0x000000001fe94000 JavaThread "ReaderThread" [_thread_in_native, id=18384, stack(0x0000000020990000,0x0000000020a90000)]
  0x000000001fc60000 JavaThread "Service Thread" daemon [_thread_blocked, id=8676, stack(0x0000000020790000,0x0000000020890000)]
  0x000000001fc4f800 JavaThread "C1 CompilerThread3" daemon [_thread_blocked, id=768, stack(0x0000000020690000,0x0000000020790000)]
  0x000000001fc48800 JavaThread "C2 CompilerThread2" daemon [_thread_blocked, id=6944, stack(0x0000000020590000,0x0000000020690000)]
  0x000000001fc48000 JavaThread "C2 CompilerThread1" daemon [_thread_blocked, id=1704, stack(0x0000000020490000,0x0000000020590000)]
  0x000000001fc45000 JavaThread "C2 CompilerThread0" daemon [_thread_blocked, id=13736, stack(0x0000000020390000,0x0000000020490000)]
  0x000000001eda3800 JavaThread "JDWP Command Reader" daemon [_thread_in_native, id=14256, stack(0x000000001fa90000,0x000000001fb90000)]
  0x000000001ed9a800 JavaThread "JDWP Event Helper Thread" daemon [_thread_blocked, id=3764, stack(0x000000001f990000,0x000000001fa90000)]
  0x000000001ed8d000 JavaThread "JDWP Transport Listener: dt_socket" daemon [_thread_blocked, id=6700, stack(0x000000001f890000,0x000000001f990000)]
  0x000000001ed81800 JavaThread "Attach Listener" daemon [_thread_blocked, id=9616, stack(0x000000001f450000,0x000000001f550000)]
  0x000000001ed80800 JavaThread "Signal Dispatcher" daemon [_thread_blocked, id=16460, stack(0x000000001f350000,0x000000001f450000)]
  0x000000001ce86000 JavaThread "Finalizer" daemon [_thread_blocked, id=2516, stack(0x000000001f150000,0x000000001f250000)]
  0x000000001ce7f000 JavaThread "Reference Handler" daemon [_thread_blocked, id=7300, stack(0x000000001ec50000,0x000000001ed50000)]
  0x000000000325b000 JavaThread "main" [_thread_blocked, id=12784, stack(0x0000000003150000,0x0000000003250000)]

Other Threads:
=>0x000000000334e800 VMThread [stack: 0x000000001eb50000,0x000000001ec50000] [id=14560]
  0x000000001fc49800 WatcherThread [stack: 0x0000000020890000,0x0000000020990000] [id=17024]

VM state:at safepoint (normal execution)

VM Mutex/Monitor currently owned by a thread:  ([mutex/lock_event])
[0x00000000032512d0] Threads_lock - owner thread: 0x000000000334e800

heap address: 0x00000006c1a00000, size: 4070 MB, Compressed Oops mode: Zero based, Oop shift amount: 3
Narrow klass base: 0x0000000000000000, Narrow klass shift: 3
Compressed class space size: 1073741824 Address: 0x00000007c0000000

Heap:
 PSYoungGen      total 352768K, used 140206K [0x000000076b380000, 0x0000000785180000, 0x00000007c0000000)
  eden space 339968K, 41% used [0x000000076b380000,0x0000000773c6b9b0,0x000000077ff80000)
  from space 12800K, 0% used [0x000000077ff80000,0x000000077ff80000,0x0000000780c00000)
  to   space 16384K, 0% used [0x0000000784180000,0x0000000784180000,0x0000000785180000)
 ParOldGen       total 215552K, used 28819K [0x00000006c1a00000, 0x00000006cec80000, 0x000000076b380000)
  object space 215552K, 13% used [0x00000006c1a00000,0x00000006c3624e48,0x00000006cec80000)
 Metaspace       used 58617K, capacity 61256K, committed 61464K, reserved 1101824K
  class space    used 8001K, capacity 8460K, committed 8496K, reserved 1048576K

Card table byte_map: [0x0000000012810000,0x0000000013010000] byte_map_base: 0x000000000f203000

Marking Bits: (ParMarkBitMap*) 0x0000000068004ce0
 Begin Bits: [0x0000000013d60000, 0x0000000017cf8000)
 End Bits:   [0x0000000017cf8000, 0x000000001bc90000)

Polling page: 0x0000000001690000

CodeCache: size=245760Kb used=19330Kb max_used=19875Kb free=226429Kb
 bounds [0x0000000003450000, 0x0000000004820000, 0x0000000012450000]
 total_blobs=5116 nmethods=4570 adapters=464
 compilation: enabled

Compilation events (10 events):
Event: 385.784 Thread 0x000000001fc48000 5384       4       sun.rmi.runtime.Log$LoggerLog::isLoggable (9 bytes)
Event: 385.786 Thread 0x000000001fc48000 nmethod 5384 0x00000000039b1c50 code [0x00000000039b1da0, 0x00000000039b1e98]
Event: 390.907 Thread 0x000000001fc45000 5385 %     4       java.util.Arrays::fill @ 5 (21 bytes)
Event: 390.910 Thread 0x000000001fc45000 nmethod 5385% 0x0000000003595950 code [0x0000000003595aa0, 0x0000000003595c58]
Event: 401.059 Thread 0x000000001fc4f800 5386       3       java.io.Writer::<init> (22 bytes)
Event: 401.060 Thread 0x000000001fc4f800 nmethod 5386 0x00000000035a1190 code [0x00000000035a1300, 0x00000000035a15e8]
Event: 401.060 Thread 0x000000001fc4f800 5387       3       java.io.OutputStreamWriter::write (11 bytes)
Event: 401.061 Thread 0x000000001fc4f800 nmethod 5387 0x00000000039b1850 code [0x00000000039b19c0, 0x00000000039b1b88]
Event: 401.061 Thread 0x000000001fc4f800 5388   !   3       sun.nio.cs.StreamEncoder::write (78 bytes)
Event: 401.063 Thread 0x000000001fc4f800 nmethod 5388 0x0000000003bc1f90 code [0x0000000003bc2160, 0x0000000003bc2908]

GC Heap History (10 events):
Event: 3.721 GC heap before
{Heap before GC invocations=8 (full 1):
 PSYoungGen      total 218624K, used 39435K [0x000000076b380000, 0x0000000779600000, 0x00000007c0000000)
  eden space 210432K, 14% used [0x000000076b380000,0x000000076d203090,0x0000000778100000)
  from space 8192K, 99% used [0x0000000778d00000,0x00000007794ffce0,0x0000000779500000)
  to   space 10752K, 0% used [0x0000000778100000,0x0000000778100000,0x0000000778b80000)
 ParOldGen       total 94720K, used 9117K [0x00000006c1a00000, 0x00000006c7680000, 0x000000076b380000)
  object space 94720K, 9% used [0x00000006c1a00000,0x00000006c22e7608,0x00000006c7680000)
 Metaspace       used 34295K, capacity 35384K, committed 35496K, reserved 1079296K
  class space    used 4628K, capacity 4874K, committed 4912K, reserved 1048576K
Event: 3.728 GC heap after
Heap after GC invocations=8 (full 1):
 PSYoungGen      total 221184K, used 7792K [0x000000076b380000, 0x0000000781880000, 0x00000007c0000000)
  eden space 210432K, 0% used [0x000000076b380000,0x000000076b380000,0x0000000778100000)
  from space 10752K, 72% used [0x0000000778100000,0x000000077889c270,0x0000000778b80000)
  to   space 10240K, 0% used [0x0000000780e80000,0x0000000780e80000,0x0000000781880000)
 ParOldGen       total 94720K, used 9125K [0x00000006c1a00000, 0x00000006c7680000, 0x000000076b380000)
  object space 94720K, 9% used [0x00000006c1a00000,0x00000006c22e9608,0x00000006c7680000)
 Metaspace       used 34295K, capacity 35384K, committed 35496K, reserved 1079296K
  class space    used 4628K, capacity 4874K, committed 4912K, reserved 1048576K
}
Event: 3.728 GC heap before
{Heap before GC invocations=9 (full 2):
 PSYoungGen      total 221184K, used 7792K [0x000000076b380000, 0x0000000781880000, 0x00000007c0000000)
  eden space 210432K, 0% used [0x000000076b380000,0x000000076b380000,0x0000000778100000)
  from space 10752K, 72% used [0x0000000778100000,0x000000077889c270,0x0000000778b80000)
  to   space 10240K, 0% used [0x0000000780e80000,0x0000000780e80000,0x0000000781880000)
 ParOldGen       total 94720K, used 9125K [0x00000006c1a00000, 0x00000006c7680000, 0x000000076b380000)
  object space 94720K, 9% used [0x00000006c1a00000,0x00000006c22e9608,0x00000006c7680000)
 Metaspace       used 34295K, capacity 35384K, committed 35496K, reserved 1079296K
  class space    used 4628K, capacity 4874K, committed 4912K, reserved 1048576K
Event: 3.773 GC heap after
Heap after GC invocations=9 (full 2):
 PSYoungGen      total 221184K, used 0K [0x000000076b380000, 0x0000000781880000, 0x00000007c0000000)
  eden space 210432K, 0% used [0x000000076b380000,0x000000076b380000,0x0000000778100000)
  from space 10752K, 0% used [0x0000000778100000,0x0000000778100000,0x0000000778b80000)
  to   space 10240K, 0% used [0x0000000780e80000,0x0000000780e80000,0x0000000781880000)
 ParOldGen       total 145920K, used 12637K [0x00000006c1a00000, 0x00000006ca880000, 0x000000076b380000)
  object space 145920K, 8% used [0x00000006c1a00000,0x00000006c26577b8,0x00000006ca880000)
 Metaspace       used 34295K, capacity 35384K, committed 35496K, reserved 1079296K
  class space    used 4628K, capacity 4874K, committed 4912K, reserved 1048576K
}
Event: 5.315 GC heap before
{Heap before GC invocations=10 (full 2):
 PSYoungGen      total 221184K, used 210432K [0x000000076b380000, 0x0000000781880000, 0x00000007c0000000)
  eden space 210432K, 100% used [0x000000076b380000,0x0000000778100000,0x0000000778100000)
  from space 10752K, 0% used [0x0000000778100000,0x0000000778100000,0x0000000778b80000)
  to   space 10240K, 0% used [0x0000000780e80000,0x0000000780e80000,0x0000000781880000)
 ParOldGen       total 145920K, used 12637K [0x00000006c1a00000, 0x00000006ca880000, 0x000000076b380000)
  object space 145920K, 8% used [0x00000006c1a00000,0x00000006c26577b8,0x00000006ca880000)
 Metaspace       used 46520K, capacity 47930K, committed 48176K, reserved 1091584K
  class space    used 6360K, capacity 6655K, committed 6704K, reserved 1048576K
Event: 5.325 GC heap after
Heap after GC invocations=10 (full 2):
 PSYoungGen      total 320000K, used 10232K [0x000000076b380000, 0x0000000781880000, 0x00000007c0000000)
  eden space 309760K, 0% used [0x000000076b380000,0x000000076b380000,0x000000077e200000)
  from space 10240K, 99% used [0x0000000780e80000,0x000000078187e190,0x0000000781880000)
  to   space 12800K, 0% used [0x000000077ff80000,0x000000077ff80000,0x0000000780c00000)
 ParOldGen       total 145920K, used 15369K [0x00000006c1a00000, 0x00000006ca880000, 0x000000076b380000)
  object space 145920K, 10% used [0x00000006c1a00000,0x00000006c2902480,0x00000006ca880000)
 Metaspace       used 46520K, capacity 47930K, committed 48176K, reserved 1091584K
  class space    used 6360K, capacity 6655K, committed 6704K, reserved 1048576K
}
Event: 7.287 GC heap before
{Heap before GC invocations=11 (full 2):
 PSYoungGen      total 320000K, used 297009K [0x000000076b380000, 0x0000000781880000, 0x00000007c0000000)
  eden space 309760K, 92% used [0x000000076b380000,0x000000077cb8e298,0x000000077e200000)
  from space 10240K, 99% used [0x0000000780e80000,0x000000078187e190,0x0000000781880000)
  to   space 12800K, 0% used [0x000000077ff80000,0x000000077ff80000,0x0000000780c00000)
 ParOldGen       total 145920K, used 15369K [0x00000006c1a00000, 0x00000006ca880000, 0x000000076b380000)
  object space 145920K, 10% used [0x00000006c1a00000,0x00000006c2902480,0x00000006ca880000)
 Metaspace       used 56723K, capacity 59104K, committed 59160K, reserved 1099776K
  class space    used 7762K, capacity 8206K, committed 8240K, reserved 1048576K
Event: 7.304 GC heap after
Heap after GC invocations=11 (full 2):
 PSYoungGen      total 352768K, used 12792K [0x000000076b380000, 0x0000000785180000, 0x00000007c0000000)
  eden space 339968K, 0% used [0x000000076b380000,0x000000076b380000,0x000000077ff80000)
  from space 12800K, 99% used [0x000000077ff80000,0x0000000780bfe0c0,0x0000000780c00000)
  to   space 16384K, 0% used [0x0000000784180000,0x0000000784180000,0x0000000785180000)
 ParOldGen       total 145920K, used 21291K [0x00000006c1a00000, 0x00000006ca880000, 0x000000076b380000)
  object space 145920K, 14% used [0x00000006c1a00000,0x00000006c2ecac90,0x00000006ca880000)
 Metaspace       used 56723K, capacity 59104K, committed 59160K, reserved 1099776K
  class space    used 7762K, capacity 8206K, committed 8240K, reserved 1048576K
}
Event: 7.304 GC heap before
{Heap before GC invocations=12 (full 3):
 PSYoungGen      total 352768K, used 12792K [0x000000076b380000, 0x0000000785180000, 0x00000007c0000000)
  eden space 339968K, 0% used [0x000000076b380000,0x000000076b380000,0x000000077ff80000)
  from space 12800K, 99% used [0x000000077ff80000,0x0000000780bfe0c0,0x0000000780c00000)
  to   space 16384K, 0% used [0x0000000784180000,0x0000000784180000,0x0000000785180000)
 ParOldGen       total 145920K, used 21291K [0x00000006c1a00000, 0x00000006ca880000, 0x000000076b380000)
  object space 145920K, 14% used [0x00000006c1a00000,0x00000006c2ecac90,0x00000006ca880000)
 Metaspace       used 56723K, capacity 59104K, committed 59160K, reserved 1099776K
  class space    used 7762K, capacity 8206K, committed 8240K, reserved 1048576K
Event: 7.446 GC heap after
Heap after GC invocations=12 (full 3):
 PSYoungGen      total 352768K, used 0K [0x000000076b380000, 0x0000000785180000, 0x00000007c0000000)
  eden space 339968K, 0% used [0x000000076b380000,0x000000076b380000,0x000000077ff80000)
  from space 12800K, 0% used [0x000000077ff80000,0x000000077ff80000,0x0000000780c00000)
  to   space 16384K, 0% used [0x0000000784180000,0x0000000784180000,0x0000000785180000)
 ParOldGen       total 215552K, used 28819K [0x00000006c1a00000, 0x00000006cec80000, 0x000000076b380000)
  object space 215552K, 13% used [0x00000006c1a00000,0x00000006c3624e48,0x00000006cec80000)
 Metaspace       used 56723K, capacity 59104K, committed 59160K, reserved 1099776K
  class space    used 7762K, capacity 8206K, committed 8240K, reserved 1048576K
}

Deoptimization events (10 events):
Event: 8.033 Thread 0x000000000325b000 Uncommon trap: reason=unhandled action=none pc=0x00000000041047e0 method=java.net.URLClassLoader.findClass(Ljava/lang/String;)Ljava/lang/Class; @ 44
Event: 8.034 Thread 0x000000000325b000 Uncommon trap: reason=unhandled action=none pc=0x00000000041047e0 method=java.net.URLClassLoader.findClass(Ljava/lang/String;)Ljava/lang/Class; @ 44
Event: 8.034 Thread 0x000000000325b000 Uncommon trap: reason=unhandled action=none pc=0x00000000041047e0 method=java.net.URLClassLoader.findClass(Ljava/lang/String;)Ljava/lang/Class; @ 44
Event: 8.035 Thread 0x000000000325b000 Uncommon trap: reason=unhandled action=none pc=0x00000000041047e0 method=java.net.URLClassLoader.findClass(Ljava/lang/String;)Ljava/lang/Class; @ 44
Event: 8.035 Thread 0x000000000325b000 Uncommon trap: reason=unhandled action=none pc=0x00000000041047e0 method=java.net.URLClassLoader.findClass(Ljava/lang/String;)Ljava/lang/Class; @ 44
Event: 8.036 Thread 0x000000000325b000 Uncommon trap: reason=unhandled action=none pc=0x00000000041047e0 method=java.net.URLClassLoader.findClass(Ljava/lang/String;)Ljava/lang/Class; @ 44
Event: 8.036 Thread 0x000000000325b000 Uncommon trap: reason=unhandled action=none pc=0x00000000041047e0 method=java.net.URLClassLoader.findClass(Ljava/lang/String;)Ljava/lang/Class; @ 44
Event: 29.471 Thread 0x000000002986b000 Uncommon trap: reason=bimorphic action=maybe_recompile pc=0x000000000372adc0 method=java.util.Hashtable.get(Ljava/lang/Object;)Ljava/lang/Object; @ 45
Event: 304.083 Thread 0x000000002986b000 Uncommon trap: reason=unstable_if action=reinterpret pc=0x0000000004723584 method=sun.rmi.server.LoaderHandler.getClassAnnotation(Ljava/lang/Class;)Ljava/lang/String; @ 59
Event: 304.083 Thread 0x000000002986b000 Uncommon trap: reason=unstable_if action=reinterpret pc=0x0000000003d79070 method=java.io.ObjectOutputStream.writeArray(Ljava/lang/Object;Ljava/io/ObjectStreamClass;Z)V @ 46

Classes redefined (7 events):
Event: 112.230 Thread 0x000000000334e800 redefined class name=com.parqueadero.application.mock.test.ParkingBussinesMockTest, count=1
Event: 171.693 Thread 0x000000000334e800 redefined class name=com.parqueadero.application.mock.test.ParkingBussinesMockTest, count=2
Event: 179.810 Thread 0x000000000334e800 redefined class name=com.parqueadero.application.mock.test.ParkingBussinesMockTest, count=3
Event: 230.501 Thread 0x000000000334e800 redefined class name=com.parqueadero.application.mock.test.ParkingBussinesMockTest, count=4
Event: 269.165 Thread 0x000000000334e800 redefined class name=com.parqueadero.application.mock.test.ParkingBussinesMockTest, count=5
Event: 355.644 Thread 0x000000000334e800 redefined class name=com.parqueadero.application.mock.test.ParkingBussinesMockTest, count=6
Event: 379.583 Thread 0x000000000334e800 redefined class name=com.parqueadero.application.bussines.ParkingBussines, count=1

Internal exceptions (10 events):
Event: 412.099 Thread 0x000000002986b000 Exception <a 'java/security/PrivilegedActionException'> (0x000000077391e5b8) thrown at [C:\re\workspace\8-2-build-windows-amd64-cygwin\jdk8u201\12322\hotspot\src\share\vm\prims\jvm.cpp, line 1502]
Event: 412.101 Thread 0x000000002986b000 Exception <a 'java/security/PrivilegedActionException'> (0x00000007739268c8) thrown at [C:\re\workspace\8-2-build-windows-amd64-cygwin\jdk8u201\12322\hotspot\src\share\vm\prims\jvm.cpp, line 1502]
Event: 412.102 Thread 0x000000002986b000 Exception <a 'java/security/PrivilegedActionException'> (0x000000077392ead8) thrown at [C:\re\workspace\8-2-build-windows-amd64-cygwin\jdk8u201\12322\hotspot\src\share\vm\prims\jvm.cpp, line 1502]
Event: 412.103 Thread 0x000000002986b000 Exception <a 'java/security/PrivilegedActionException'> (0x0000000773936d00) thrown at [C:\re\workspace\8-2-build-windows-amd64-cygwin\jdk8u201\12322\hotspot\src\share\vm\prims\jvm.cpp, line 1502]
Event: 417.258 Thread 0x000000002986b000 Exception <a 'java/security/PrivilegedActionException'> (0x000000077393f040) thrown at [C:\re\workspace\8-2-build-windows-amd64-cygwin\jdk8u201\12322\hotspot\src\share\vm\prims\jvm.cpp, line 1502]
Event: 417.260 Thread 0x000000002986b000 Exception <a 'java/security/PrivilegedActionException'> (0x00000007739489a8) thrown at [C:\re\workspace\8-2-build-windows-amd64-cygwin\jdk8u201\12322\hotspot\src\share\vm\prims\jvm.cpp, line 1502]
Event: 417.262 Thread 0x000000002986b000 Exception <a 'java/security/PrivilegedActionException'> (0x0000000773950c70) thrown at [C:\re\workspace\8-2-build-windows-amd64-cygwin\jdk8u201\12322\hotspot\src\share\vm\prims\jvm.cpp, line 1502]
Event: 417.265 Thread 0x000000002986b000 Exception <a 'java/security/PrivilegedActionException'> (0x0000000773958eb8) thrown at [C:\re\workspace\8-2-build-windows-amd64-cygwin\jdk8u201\12322\hotspot\src\share\vm\prims\jvm.cpp, line 1502]
Event: 417.266 Thread 0x000000002986b000 Exception <a 'java/security/PrivilegedActionException'> (0x0000000773961058) thrown at [C:\re\workspace\8-2-build-windows-amd64-cygwin\jdk8u201\12322\hotspot\src\share\vm\prims\jvm.cpp, line 1502]
Event: 417.268 Thread 0x000000002986b000 Exception <a 'java/security/PrivilegedActionException'> (0x0000000773969280) thrown at [C:\re\workspace\8-2-build-windows-amd64-cygwin\jdk8u201\12322\hotspot\src\share\vm\prims\jvm.cpp, line 1502]

Events (10 events):
Event: 417.269 Thread 0x000000002986b000 DEOPT UNPACKING pc=0x0000000003497890 sp=0x000000002bf9cc88 mode 1
Event: 417.269 Thread 0x000000002986b000 DEOPT PACKING pc=0x000000000384c220 sp=0x000000002bf9cfb0
Event: 417.269 Thread 0x000000002986b000 DEOPT UNPACKING pc=0x0000000003497890 sp=0x000000002bf9cc78 mode 1
Event: 417.269 Thread 0x000000002986b000 DEOPT PACKING pc=0x000000000428a574 sp=0x000000002bf9d010
Event: 417.269 Thread 0x000000002986b000 DEOPT UNPACKING pc=0x0000000003497890 sp=0x000000002bf9ce40 mode 1
Event: 417.740 Executing VM operation: GetCurrentContendedMonitor
Event: 417.740 Executing VM operation: GetCurrentContendedMonitor done
Event: 417.740 Executing VM operation: GetOwnedMonitorInfo
Event: 417.741 Executing VM operation: GetOwnedMonitorInfo done
Event: 422.081 Executing VM operation: GetOrSetLocal


Dynamic libraries:
0x00007ff6d3290000 - 0x00007ff6d32c7000 	C:\Program Files\Java\jre1.8.0_201\bin\javaw.exe
0x00007ffc88850000 - 0x00007ffc88a3d000 	C:\Windows\SYSTEM32\ntdll.dll
0x00007ffc87090000 - 0x00007ffc87143000 	C:\Windows\System32\KERNEL32.DLL
0x00007ffc85290000 - 0x00007ffc85523000 	C:\Windows\System32\KERNELBASE.dll
0x00007ffc87940000 - 0x00007ffc879e3000 	C:\Windows\System32\ADVAPI32.dll
0x00007ffc86ff0000 - 0x00007ffc8708e000 	C:\Windows\System32\msvcrt.dll
0x00007ffc87420000 - 0x00007ffc874be000 	C:\Windows\System32\sechost.dll
0x00007ffc87550000 - 0x00007ffc87672000 	C:\Windows\System32\RPCRT4.dll
0x00007ffc87180000 - 0x00007ffc87317000 	C:\Windows\System32\USER32.dll
0x00007ffc850d0000 - 0x00007ffc850f0000 	C:\Windows\System32\win32u.dll
0x00007ffc873f0000 - 0x00007ffc87419000 	C:\Windows\System32\GDI32.dll
0x00007ffc858b0000 - 0x00007ffc85a4a000 	C:\Windows\System32\gdi32full.dll
0x00007ffc851f0000 - 0x00007ffc85290000 	C:\Windows\System32\msvcp_win.dll
0x00007ffc850f0000 - 0x00007ffc851ec000 	C:\Windows\System32\ucrtbase.dll
0x00007ffc71840000 - 0x00007ffc71ab9000 	C:\Windows\WinSxS\amd64_microsoft.windows.common-controls_6595b64144ccf1df_6.0.17763.253_none_05b2388e0721fece\COMCTL32.dll
0x00007ffc87d90000 - 0x00007ffc880bd000 	C:\Windows\System32\combase.dll
0x00007ffc85530000 - 0x00007ffc855ae000 	C:\Windows\System32\bcryptPrimitives.dll
0x00007ffc87150000 - 0x00007ffc8717e000 	C:\Windows\System32\IMM32.DLL
0x0000000067700000 - 0x00000000677d1000 	C:\Program Files\Java\jre1.8.0_201\bin\msvcr100.dll
0x00000000677e0000 - 0x0000000068084000 	C:\Program Files\Java\jre1.8.0_201\bin\server\jvm.dll
0x00007ffc85a80000 - 0x00007ffc85a88000 	C:\Windows\System32\PSAPI.DLL
0x00007ffc7ed10000 - 0x00007ffc7ed1a000 	C:\Windows\SYSTEM32\VERSION.dll
0x00007ffc825e0000 - 0x00007ffc82604000 	C:\Windows\SYSTEM32\WINMM.dll
0x00007ffc73720000 - 0x00007ffc73729000 	C:\Windows\SYSTEM32\WSOCK32.dll
0x00007ffc887b0000 - 0x00007ffc8881d000 	C:\Windows\System32\WS2_32.dll
0x00007ffc82510000 - 0x00007ffc8253d000 	C:\Windows\SYSTEM32\WINMMBASE.dll
0x00007ffc855b0000 - 0x00007ffc855fa000 	C:\Windows\System32\cfgmgr32.dll
0x00007ffc80a70000 - 0x00007ffc80a7f000 	C:\Program Files\Java\jre1.8.0_201\bin\verify.dll
0x00007ffc7c8e0000 - 0x00007ffc7c909000 	C:\Program Files\Java\jre1.8.0_201\bin\java.dll
0x00007ffc7be60000 - 0x00007ffc7be95000 	C:\Program Files\Java\jre1.8.0_201\bin\jdwp.dll
0x00007ffc7e360000 - 0x00007ffc7e368000 	C:\Program Files\Java\jre1.8.0_201\bin\npt.dll
0x00007ffc7bf10000 - 0x00007ffc7bf33000 	C:\Program Files\Java\jre1.8.0_201\bin\instrument.dll
0x00007ffc7c4d0000 - 0x00007ffc7c4e6000 	C:\Program Files\Java\jre1.8.0_201\bin\zip.dll
0x00007ffc85af0000 - 0x00007ffc86fdf000 	C:\Windows\System32\SHELL32.dll
0x00007ffc87340000 - 0x00007ffc873e8000 	C:\Windows\System32\shcore.dll
0x00007ffc84980000 - 0x00007ffc850ca000 	C:\Windows\System32\windows.storage.dll
0x00007ffc84890000 - 0x00007ffc848b4000 	C:\Windows\System32\profapi.dll
0x00007ffc848c0000 - 0x00007ffc8491d000 	C:\Windows\System32\powrprof.dll
0x00007ffc878e0000 - 0x00007ffc87932000 	C:\Windows\System32\shlwapi.dll
0x00007ffc84850000 - 0x00007ffc84861000 	C:\Windows\System32\kernel.appcore.dll
0x00007ffc85890000 - 0x00007ffc858a7000 	C:\Windows\System32\cryptsp.dll
0x00007ffc7c500000 - 0x00007ffc7c509000 	C:\Program Files\Java\jre1.8.0_201\bin\dt_socket.dll
0x00007ffc6fef0000 - 0x00007ffc6ff06000 	C:\Windows\system32\napinsp.dll
0x00007ffc70090000 - 0x00007ffc700aa000 	C:\Windows\system32\pnrpnsp.dll
0x00007ffc84080000 - 0x00007ffc840e7000 	C:\Windows\System32\mswsock.dll
0x00007ffc83e20000 - 0x00007ffc83ee6000 	C:\Windows\SYSTEM32\DNSAPI.dll
0x00007ffc86fe0000 - 0x00007ffc86fe8000 	C:\Windows\System32\NSI.dll
0x00007ffc83de0000 - 0x00007ffc83e1d000 	C:\Windows\SYSTEM32\IPHLPAPI.DLL
0x00007ffc6e920000 - 0x00007ffc6e92e000 	C:\Windows\System32\winrnr.dll
0x00007ffc80910000 - 0x00007ffc8092b000 	C:\Windows\system32\NLAapi.dll
0x00007ffc6e900000 - 0x00007ffc6e915000 	C:\Windows\system32\wshbth.dll
0x00007ffc7ffd0000 - 0x00007ffc80049000 	C:\Windows\System32\fwpuclnt.dll
0x00007ffc85a50000 - 0x00007ffc85a76000 	C:\Windows\System32\bcrypt.dll
0x00007ffc76430000 - 0x00007ffc7643a000 	C:\Windows\System32\rasadhlp.dll
0x00007ffc7c460000 - 0x00007ffc7c47a000 	C:\Program Files\Java\jre1.8.0_201\bin\net.dll
0x00007ffc76b60000 - 0x00007ffc76d37000 	C:\Windows\SYSTEM32\urlmon.dll
0x00007ffc7b000000 - 0x00007ffc7b2a8000 	C:\Windows\SYSTEM32\iertutil.dll
0x00007ffc84250000 - 0x00007ffc8425c000 	C:\Windows\SYSTEM32\CRYPTBASE.DLL
0x00007ffc7b3a0000 - 0x00007ffc7b3b1000 	C:\Program Files\Java\jre1.8.0_201\bin\nio.dll
0x00007ffc7e290000 - 0x00007ffc7e29d000 	C:\Program Files\Java\jre1.8.0_201\bin\management.dll
0x00007ffc83c40000 - 0x00007ffc83c73000 	C:\Windows\system32\rsaenh.dll
0x00007ffc84780000 - 0x00007ffc847a8000 	C:\Windows\SYSTEM32\USERENV.dll
0x00007ffc7fd00000 - 0x00007ffc7fd16000 	C:\Windows\SYSTEM32\dhcpcsvc6.DLL
0x00007ffc7f820000 - 0x00007ffc7f83c000 	C:\Windows\SYSTEM32\dhcpcsvc.DLL
0x00007ffc83200000 - 0x00007ffc833ed000 	C:\Windows\SYSTEM32\dbghelp.dll

VM Arguments:
jvm_args: -agentlib:jdwp=transport=dt_socket,suspend=y,address=localhost:54381 -ea -javaagent:D:\IDE\eclipse\configuration\org.eclipse.osgi\405\0\.cp\lib\javaagent-shaded.jar -Dfile.encoding=Cp1252 
java_command: org.eclipse.jdt.internal.junit.runner.RemoteTestRunner -version 3 -port 54380 -testLoaderClass org.eclipse.jdt.internal.junit4.runner.JUnit4TestLoader -loaderpluginname org.eclipse.jdt.junit4.runtime -classNames com.parqueadero.application.mock.test.ParkingBussinesMockTest
java_class_path (initial): D:\workspace_ceiba\ceiba-adn\bin\main;D:\workspace_ceiba\ceiba-adn\bin\test;C:\Users\jesus.lozano\.gradle\caches\modules-2\files-2.1\org.springframework.boot\spring-boot-starter-data-jpa\2.1.2.RELEASE\43691a5ea941621098078a86fffaba97481a30ff\spring-boot-starter-data-jpa-2.1.2.RELEASE.jar;C:\Users\jesus.lozano\.gradle\caches\modules-2\files-2.1\org.springframework.boot\spring-boot-starter-web\2.1.2.RELEASE\33749ef5bf458829eef0e0c45615bf536521a97a\spring-boot-starter-web-2.1.2.RELEASE.jar;C:\Users\jesus.lozano\.gradle\caches\modules-2\files-2.1\org.springframework.boot\spring-boot-starter-aop\2.1.2.RELEASE\d4266d045585b54b0cef23bc725af66793d96c4c\spring-boot-starter-aop-2.1.2.RELEASE.jar;C:\Users\jesus.lozano\.gradle\caches\modules-2\files-2.1\org.springframework.boot\spring-boot-starter-jdbc\2.1.2.RELEASE\7ab23ed460150c83dac09769dd6467b0ac5ee467\spring-boot-starter-jdbc-2.1.2.RELEASE.jar;C:\Users\jesus.lozano\.gradle\caches\modules-2\files-2.1\javax.transaction\javax.transaction-api\1.3\e006adf5cf3cca2181d16bd640ecb80148ec0fce\javax.transaction-api-1.3.jar;C:\Users\jesus.lozano\.gradle\caches\modules-2\files-2.1\javax.xml.bind\jaxb-api\2.3.1\8531ad5ac454cc2deb9d4d32c40c4d7451939b5d\jaxb-api-2.3.1.jar;C:\Users\jesus.lozano\.gradle\caches\modules-2\files-2.1\org.hibernate\hibernate-core\5.3.7.Final\f87c5c1bbfc638309824140e68dfaaeb1bb479f3\hibernate-core-5.3.7.Final.jar;C:\Users\jesus.lozano\.gradle\caches\modules-2\files-2.1\org.springframework.data\spring-data-jpa\2.1.4.RELEASE\aedc52b1f5acdfe11cb665d0ad3920de8bca480a\spring-data-jpa-2.1.4.RELEASE.jar;C:\Users\jesus.lozano\.gradle\caches\modules-2\files-2.1\org.springframework\spring-aspects\5.1.4.RELEASE\8d9f441975c7b45f497706c068c022163591d116\spring-aspects-5.1.4.RELEASE.jar;C:\Users\jesus.lozano\.gradle\caches\modules-2\files-2.1\org.springframework.boot\spring-boot-starter-json\2.1.2.RELEASE\db59b1857966985cec2cdb81cd6cfeb315f1c849\spring-boot-starter-json-2.1.2.RELEASE.jar;C:\Users\j
Launcher Type: SUN_STANDARD

Environment Variables:
JAVA_HOME=C:\Program Files\Java\jdk1.8.0_201\
PATH=C:/Program Files/Java/jre1.8.0_201/bin/server;C:/Program Files/Java/jre1.8.0_201/bin;C:/Program Files/Java/jre1.8.0_201/lib/amd64;C:\Program Files (x86)\Common Files\Oracle\Java\javapath;C:\app\oracle\product\12.2.0\client_2\bin;C:\app\oracle\product\12.2.0\client_1\bin;C:\Program Files\CollabNet\Subversion Client;C:\Windows\system32;C:\Windows;C:\Windows\System32\Wbem;C:\Windows\System32\WindowsPowerShell\v1.0\;C:\Windows\System32\OpenSSH\;C:\Program Files\nodejs\;C:\Program Files\Git\cmd;%JAVA_HOME%;C:\Program Files\PuTTY\;%GRADLE_HOME%;C:\Users\jesus.lozano\AppData\Local\Microsoft\WindowsApps;C:\Users\jesus.lozano\AppData\Roaming\npm;C:\Users\jesus.lozano\AppData\Local\Programs\Microsoft VS Code\bin;C:\Users\jesus.lozano\gradle-5.2\bin;;D:\IDE\eclipse;
USERNAME=jesus.lozano
OS=Windows_NT
PROCESSOR_IDENTIFIER=Intel64 Family 6 Model 94 Stepping 3, GenuineIntel



---------------  S Y S T E M  ---------------

OS: Windows 10.0 , 64 bit Build 17763 (10.0.17763.1)

CPU:total 8 (initial active 8) (4 cores per cpu, 2 threads per core) family 6 model 94 stepping 3, cmov, cx8, fxsr, mmx, sse, sse2, sse3, ssse3, sse4.1, sse4.2, popcnt, avx, avx2, aes, clmul, erms, rtm, 3dnowpref, lzcnt, ht, tsc, tscinvbit, bmi1, bmi2, adx

Memory: 4k page, physical 16666356k(9334776k free), swap 19681012k(7738376k free)

vm_info: Java HotSpot(TM) 64-Bit Server VM (25.201-b09) for windows-amd64 JRE (1.8.0_201-b09), built on Dec 15 2018 18:36:39 by "java_re" with MS VC++ 10.0 (VS2010)

time: Tue Feb 12 23:19:00 2019
timezone: Hora est. Pacífico, Sudamérica
elapsed time: 422 seconds (0d 0h 7m 2s)

